<?xml version="1.0" encoding="UTF-8"?>
<testsuites name="jest tests" tests="348" failures="5" time="1425.567">
  <testsuite name="Service Tests" errors="0" failures="0" skipped="0" timestamp="2020-03-11T04:37:23" time="77.595" tests="5">
    <testcase classname="Service Tests Colaborador Service Service methods should find an element" name="Service Tests Colaborador Service Service methods should find an element" time="0.118">
    </testcase>
    <testcase classname="Service Tests Colaborador Service Service methods should create a Colaborador" name="Service Tests Colaborador Service Service methods should create a Colaborador" time="0.132">
    </testcase>
    <testcase classname="Service Tests Colaborador Service Service methods should update a Colaborador" name="Service Tests Colaborador Service Service methods should update a Colaborador" time="0.158">
    </testcase>
    <testcase classname="Service Tests Colaborador Service Service methods should return a list of Colaborador" name="Service Tests Colaborador Service Service methods should return a list of Colaborador" time="0.02">
    </testcase>
    <testcase classname="Service Tests Colaborador Service Service methods should delete a Colaborador" name="Service Tests Colaborador Service Service methods should delete a Colaborador" time="0.011">
    </testcase>
  </testsuite>
  <testsuite name="Service Tests" errors="0" failures="0" skipped="0" timestamp="2020-03-11T04:38:40" time="2.566" tests="5">
    <testcase classname="Service Tests PlanificacionAsistencia Service Service methods should find an element" name="Service Tests PlanificacionAsistencia Service Service methods should find an element" time="0.027">
    </testcase>
    <testcase classname="Service Tests PlanificacionAsistencia Service Service methods should create a PlanificacionAsistencia" name="Service Tests PlanificacionAsistencia Service Service methods should create a PlanificacionAsistencia" time="0.025">
    </testcase>
    <testcase classname="Service Tests PlanificacionAsistencia Service Service methods should update a PlanificacionAsistencia" name="Service Tests PlanificacionAsistencia Service Service methods should update a PlanificacionAsistencia" time="0.015">
    </testcase>
    <testcase classname="Service Tests PlanificacionAsistencia Service Service methods should return a list of PlanificacionAsistencia" name="Service Tests PlanificacionAsistencia Service Service methods should return a list of PlanificacionAsistencia" time="0.015">
    </testcase>
    <testcase classname="Service Tests PlanificacionAsistencia Service Service methods should delete a PlanificacionAsistencia" name="Service Tests PlanificacionAsistencia Service Service methods should delete a PlanificacionAsistencia" time="0.022">
    </testcase>
  </testsuite>
  <testsuite name="Component Tests" errors="0" failures="0" skipped="0" timestamp="2020-03-11T04:38:43" time="3.854" tests="5">
    <testcase classname="Component Tests LoginComponent should authenticate the user upon login when previous state was set" name="Component Tests LoginComponent should authenticate the user upon login when previous state was set" time="0.104">
    </testcase>
    <testcase classname="Component Tests LoginComponent should authenticate the user upon login when previous state was not set" name="Component Tests LoginComponent should authenticate the user upon login when previous state was not set" time="0.044">
    </testcase>
    <testcase classname="Component Tests LoginComponent should empty the credentials upon cancel" name="Component Tests LoginComponent should empty the credentials upon cancel" time="0.034">
    </testcase>
    <testcase classname="Component Tests LoginComponent should redirect user when register" name="Component Tests LoginComponent should redirect user when register" time="0.029">
    </testcase>
    <testcase classname="Component Tests LoginComponent should redirect user when request password" name="Component Tests LoginComponent should redirect user when request password" time="0.029">
    </testcase>
  </testsuite>
  <testsuite name="Component Tests" errors="0" failures="0" skipped="0" timestamp="2020-03-11T04:37:23" time="85.245" tests="12">
    <testcase classname="Component Tests JhiHealthCheckComponent baseName and subSystemName should return the basename when it has no sub system" name="Component Tests JhiHealthCheckComponent baseName and subSystemName should return the basename when it has no sub system" time="0.147">
    </testcase>
    <testcase classname="Component Tests JhiHealthCheckComponent baseName and subSystemName should return the basename when it has sub systems" name="Component Tests JhiHealthCheckComponent baseName and subSystemName should return the basename when it has sub systems" time="0.041">
    </testcase>
    <testcase classname="Component Tests JhiHealthCheckComponent baseName and subSystemName should return the sub system name" name="Component Tests JhiHealthCheckComponent baseName and subSystemName should return the sub system name" time="0.044">
    </testcase>
    <testcase classname="Component Tests JhiHealthCheckComponent baseName and subSystemName should return the subsystem when it has multiple keys" name="Component Tests JhiHealthCheckComponent baseName and subSystemName should return the subsystem when it has multiple keys" time="0.036">
    </testcase>
    <testcase classname="Component Tests JhiHealthCheckComponent transformHealthData should flatten empty health data" name="Component Tests JhiHealthCheckComponent transformHealthData should flatten empty health data" time="0.031">
    </testcase>
    <testcase classname="Component Tests JhiHealthCheckComponent transformHealthData should flatten health data with no subsystems" name="Component Tests JhiHealthCheckComponent transformHealthData should flatten health data with no subsystems" time="0.033">
    </testcase>
    <testcase classname="Component Tests JhiHealthCheckComponent transformHealthData should flatten health data with subsystems at level 1, main system has no additional information" name="Component Tests JhiHealthCheckComponent transformHealthData should flatten health data with subsystems at level 1, main system has no additional information" time="0.027">
    </testcase>
    <testcase classname="Component Tests JhiHealthCheckComponent transformHealthData should flatten health data with subsystems at level 1, main system has additional information" name="Component Tests JhiHealthCheckComponent transformHealthData should flatten health data with subsystems at level 1, main system has additional information" time="0.043">
    </testcase>
    <testcase classname="Component Tests JhiHealthCheckComponent transformHealthData should flatten health data with subsystems at level 1, main system has additional error" name="Component Tests JhiHealthCheckComponent transformHealthData should flatten health data with subsystems at level 1, main system has additional error" time="0.028">
    </testcase>
    <testcase classname="Component Tests JhiHealthCheckComponent getBadgeClass should get badge class" name="Component Tests JhiHealthCheckComponent getBadgeClass should get badge class" time="0.053">
    </testcase>
    <testcase classname="Component Tests JhiHealthCheckComponent refresh should call refresh on init" name="Component Tests JhiHealthCheckComponent refresh should call refresh on init" time="0.036">
    </testcase>
    <testcase classname="Component Tests JhiHealthCheckComponent refresh should handle a 503 on refreshing health data" name="Component Tests JhiHealthCheckComponent refresh should handle a 503 on refreshing health data" time="0.044">
    </testcase>
  </testsuite>
  <testsuite name="Service Tests" errors="0" failures="0" skipped="0" timestamp="2020-03-11T04:38:47" time="1.861" tests="5">
    <testcase classname="Service Tests Peticion Service Service methods should find an element" name="Service Tests Peticion Service Service methods should find an element" time="0.034">
    </testcase>
    <testcase classname="Service Tests Peticion Service Service methods should create a Peticion" name="Service Tests Peticion Service Service methods should create a Peticion" time="0.027">
    </testcase>
    <testcase classname="Service Tests Peticion Service Service methods should update a Peticion" name="Service Tests Peticion Service Service methods should update a Peticion" time="0.034">
    </testcase>
    <testcase classname="Service Tests Peticion Service Service methods should return a list of Peticion" name="Service Tests Peticion Service Service methods should return a list of Peticion" time="0.023">
    </testcase>
    <testcase classname="Service Tests Peticion Service Service methods should delete a Peticion" name="Service Tests Peticion Service Service methods should delete a Peticion" time="0.021">
    </testcase>
  </testsuite>
  <testsuite name="Service Tests" errors="0" failures="0" skipped="0" timestamp="2020-03-11T04:38:49" time="1.898" tests="5">
    <testcase classname="Service Tests AsignacionHorasExtras Service Service methods should find an element" name="Service Tests AsignacionHorasExtras Service Service methods should find an element" time="0.032">
    </testcase>
    <testcase classname="Service Tests AsignacionHorasExtras Service Service methods should create a AsignacionHorasExtras" name="Service Tests AsignacionHorasExtras Service Service methods should create a AsignacionHorasExtras" time="0.025">
    </testcase>
    <testcase classname="Service Tests AsignacionHorasExtras Service Service methods should update a AsignacionHorasExtras" name="Service Tests AsignacionHorasExtras Service Service methods should update a AsignacionHorasExtras" time="0.024">
    </testcase>
    <testcase classname="Service Tests AsignacionHorasExtras Service Service methods should return a list of AsignacionHorasExtras" name="Service Tests AsignacionHorasExtras Service Service methods should return a list of AsignacionHorasExtras" time="0.024">
    </testcase>
    <testcase classname="Service Tests AsignacionHorasExtras Service Service methods should delete a AsignacionHorasExtras" name="Service Tests AsignacionHorasExtras Service Service methods should delete a AsignacionHorasExtras" time="0.018">
    </testcase>
  </testsuite>
  <testsuite name="Component Tests" errors="0" failures="0" skipped="0" timestamp="2020-03-11T04:38:48" time="2.778" tests="7">
    <testcase classname="Component Tests Alert Error Component Error Handling Should display an alert on status 0" name="Component Tests Alert Error Component Error Handling Should display an alert on status 0" time="0.061">
    </testcase>
    <testcase classname="Component Tests Alert Error Component Error Handling Should display an alert on status 404" name="Component Tests Alert Error Component Error Handling Should display an alert on status 404" time="0.044">
    </testcase>
    <testcase classname="Component Tests Alert Error Component Error Handling Should display an alert on generic error" name="Component Tests Alert Error Component Error Handling Should display an alert on generic error" time="0.028">
    </testcase>
    <testcase classname="Component Tests Alert Error Component Error Handling Should display an alert on status 400 for generic error" name="Component Tests Alert Error Component Error Handling Should display an alert on status 400 for generic error" time="0.045">
    </testcase>
    <testcase classname="Component Tests Alert Error Component Error Handling Should display an alert on status 400 for generic error without message" name="Component Tests Alert Error Component Error Handling Should display an alert on status 400 for generic error without message" time="0.04">
    </testcase>
    <testcase classname="Component Tests Alert Error Component Error Handling Should display an alert on status 400 for invalid parameters" name="Component Tests Alert Error Component Error Handling Should display an alert on status 400 for invalid parameters" time="0.031">
    </testcase>
    <testcase classname="Component Tests Alert Error Component Error Handling Should display an alert on status 400 for error headers" name="Component Tests Alert Error Component Error Handling Should display an alert on status 400 for error headers" time="0.053">
    </testcase>
  </testsuite>
  <testsuite name="Service Tests" errors="0" failures="0" skipped="0" timestamp="2020-03-11T04:38:51" time="2.281" tests="5">
    <testcase classname="Service Tests AsistenciaHorasExtras Service Service methods should find an element" name="Service Tests AsistenciaHorasExtras Service Service methods should find an element" time="0.036">
    </testcase>
    <testcase classname="Service Tests AsistenciaHorasExtras Service Service methods should create a AsistenciaHorasExtras" name="Service Tests AsistenciaHorasExtras Service Service methods should create a AsistenciaHorasExtras" time="0.033">
    </testcase>
    <testcase classname="Service Tests AsistenciaHorasExtras Service Service methods should update a AsistenciaHorasExtras" name="Service Tests AsistenciaHorasExtras Service Service methods should update a AsistenciaHorasExtras" time="0.033">
    </testcase>
    <testcase classname="Service Tests AsistenciaHorasExtras Service Service methods should return a list of AsistenciaHorasExtras" name="Service Tests AsistenciaHorasExtras Service Service methods should return a list of AsistenciaHorasExtras" time="0.03">
    </testcase>
    <testcase classname="Service Tests AsistenciaHorasExtras Service Service methods should delete a AsistenciaHorasExtras" name="Service Tests AsistenciaHorasExtras Service Service methods should delete a AsistenciaHorasExtras" time="0.018">
    </testcase>
  </testsuite>
  <testsuite name="Service Tests" errors="0" failures="0" skipped="0" timestamp="2020-03-11T04:38:51" time="2.26" tests="5">
    <testcase classname="Service Tests Turno Service Service methods should find an element" name="Service Tests Turno Service Service methods should find an element" time="0.057">
    </testcase>
    <testcase classname="Service Tests Turno Service Service methods should create a Turno" name="Service Tests Turno Service Service methods should create a Turno" time="0.099">
    </testcase>
    <testcase classname="Service Tests Turno Service Service methods should update a Turno" name="Service Tests Turno Service Service methods should update a Turno" time="0.034">
    </testcase>
    <testcase classname="Service Tests Turno Service Service methods should return a list of Turno" name="Service Tests Turno Service Service methods should return a list of Turno" time="0.037">
    </testcase>
    <testcase classname="Service Tests Turno Service Service methods should delete a Turno" name="Service Tests Turno Service Service methods should delete a Turno" time="0.024">
    </testcase>
  </testsuite>
  <testsuite name="Service Tests" errors="0" failures="0" skipped="0" timestamp="2020-03-11T04:38:53" time="1.877" tests="5">
    <testcase classname="Service Tests ReporteAsistenciaHorasExtras Service Service methods should find an element" name="Service Tests ReporteAsistenciaHorasExtras Service Service methods should find an element" time="0.038">
    </testcase>
    <testcase classname="Service Tests ReporteAsistenciaHorasExtras Service Service methods should create a ReporteAsistenciaHorasExtras" name="Service Tests ReporteAsistenciaHorasExtras Service Service methods should create a ReporteAsistenciaHorasExtras" time="0.024">
    </testcase>
    <testcase classname="Service Tests ReporteAsistenciaHorasExtras Service Service methods should update a ReporteAsistenciaHorasExtras" name="Service Tests ReporteAsistenciaHorasExtras Service Service methods should update a ReporteAsistenciaHorasExtras" time="0.03">
    </testcase>
    <testcase classname="Service Tests ReporteAsistenciaHorasExtras Service Service methods should return a list of ReporteAsistenciaHorasExtras" name="Service Tests ReporteAsistenciaHorasExtras Service Service methods should return a list of ReporteAsistenciaHorasExtras" time="0.021">
    </testcase>
    <testcase classname="Service Tests ReporteAsistenciaHorasExtras Service Service methods should delete a ReporteAsistenciaHorasExtras" name="Service Tests ReporteAsistenciaHorasExtras Service Service methods should delete a ReporteAsistenciaHorasExtras" time="0.012">
    </testcase>
  </testsuite>
  <testsuite name="Service Tests" errors="0" failures="0" skipped="0" timestamp="2020-03-11T04:38:53" time="1.977" tests="5">
    <testcase classname="Service Tests PlaneacionSemanal Service Service methods should find an element" name="Service Tests PlaneacionSemanal Service Service methods should find an element" time="0.038">
    </testcase>
    <testcase classname="Service Tests PlaneacionSemanal Service Service methods should create a PlaneacionSemanal" name="Service Tests PlaneacionSemanal Service Service methods should create a PlaneacionSemanal" time="0.017">
    </testcase>
    <testcase classname="Service Tests PlaneacionSemanal Service Service methods should update a PlaneacionSemanal" name="Service Tests PlaneacionSemanal Service Service methods should update a PlaneacionSemanal" time="0.022">
    </testcase>
    <testcase classname="Service Tests PlaneacionSemanal Service Service methods should return a list of PlaneacionSemanal" name="Service Tests PlaneacionSemanal Service Service methods should return a list of PlaneacionSemanal" time="0.02">
    </testcase>
    <testcase classname="Service Tests PlaneacionSemanal Service Service methods should delete a PlaneacionSemanal" name="Service Tests PlaneacionSemanal Service Service methods should delete a PlaneacionSemanal" time="0.015">
    </testcase>
  </testsuite>
  <testsuite name="Service Tests" errors="0" failures="0" skipped="0" timestamp="2020-03-11T04:38:55" time="2.001" tests="5">
    <testcase classname="Service Tests Novedades Service Service methods should find an element" name="Service Tests Novedades Service Service methods should find an element" time="0.02">
    </testcase>
    <testcase classname="Service Tests Novedades Service Service methods should create a Novedades" name="Service Tests Novedades Service Service methods should create a Novedades" time="0.015">
    </testcase>
    <testcase classname="Service Tests Novedades Service Service methods should update a Novedades" name="Service Tests Novedades Service Service methods should update a Novedades" time="0.018">
    </testcase>
    <testcase classname="Service Tests Novedades Service Service methods should return a list of Novedades" name="Service Tests Novedades Service Service methods should return a list of Novedades" time="0.015">
    </testcase>
    <testcase classname="Service Tests Novedades Service Service methods should delete a Novedades" name="Service Tests Novedades Service Service methods should delete a Novedades" time="0.015">
    </testcase>
  </testsuite>
  <testsuite name="Service Tests" errors="0" failures="0" skipped="0" timestamp="2020-03-11T04:38:55" time="2.097" tests="5">
    <testcase classname="Service Tests IntercambioTurno Service Service methods should find an element" name="Service Tests IntercambioTurno Service Service methods should find an element" time="0.051">
    </testcase>
    <testcase classname="Service Tests IntercambioTurno Service Service methods should create a IntercambioTurno" name="Service Tests IntercambioTurno Service Service methods should create a IntercambioTurno" time="0.043">
    </testcase>
    <testcase classname="Service Tests IntercambioTurno Service Service methods should update a IntercambioTurno" name="Service Tests IntercambioTurno Service Service methods should update a IntercambioTurno" time="0.029">
    </testcase>
    <testcase classname="Service Tests IntercambioTurno Service Service methods should return a list of IntercambioTurno" name="Service Tests IntercambioTurno Service Service methods should return a list of IntercambioTurno" time="0.023">
    </testcase>
    <testcase classname="Service Tests IntercambioTurno Service Service methods should delete a IntercambioTurno" name="Service Tests IntercambioTurno Service Service methods should delete a IntercambioTurno" time="0.022">
    </testcase>
  </testsuite>
  <testsuite name="Service Tests" errors="0" failures="0" skipped="0" timestamp="2020-03-11T04:38:57" time="2.647" tests="5">
    <testcase classname="Service Tests ReporteAsistencia Service Service methods should find an element" name="Service Tests ReporteAsistencia Service Service methods should find an element" time="0.026">
    </testcase>
    <testcase classname="Service Tests ReporteAsistencia Service Service methods should create a ReporteAsistencia" name="Service Tests ReporteAsistencia Service Service methods should create a ReporteAsistencia" time="0.026">
    </testcase>
    <testcase classname="Service Tests ReporteAsistencia Service Service methods should update a ReporteAsistencia" name="Service Tests ReporteAsistencia Service Service methods should update a ReporteAsistencia" time="0.015">
    </testcase>
    <testcase classname="Service Tests ReporteAsistencia Service Service methods should return a list of ReporteAsistencia" name="Service Tests ReporteAsistencia Service Service methods should return a list of ReporteAsistencia" time="0.015">
    </testcase>
    <testcase classname="Service Tests ReporteAsistencia Service Service methods should delete a ReporteAsistencia" name="Service Tests ReporteAsistencia Service Service methods should delete a ReporteAsistencia" time="0.023">
    </testcase>
  </testsuite>
  <testsuite name="Service Tests" errors="0" failures="0" skipped="0" timestamp="2020-03-11T04:38:57" time="2.36" tests="5">
    <testcase classname="Service Tests Asistencia Service Service methods should find an element" name="Service Tests Asistencia Service Service methods should find an element" time="0.026">
    </testcase>
    <testcase classname="Service Tests Asistencia Service Service methods should create a Asistencia" name="Service Tests Asistencia Service Service methods should create a Asistencia" time="0.033">
    </testcase>
    <testcase classname="Service Tests Asistencia Service Service methods should update a Asistencia" name="Service Tests Asistencia Service Service methods should update a Asistencia" time="0.016">
    </testcase>
    <testcase classname="Service Tests Asistencia Service Service methods should return a list of Asistencia" name="Service Tests Asistencia Service Service methods should return a list of Asistencia" time="0.016">
    </testcase>
    <testcase classname="Service Tests Asistencia Service Service methods should delete a Asistencia" name="Service Tests Asistencia Service Service methods should delete a Asistencia" time="0.041">
    </testcase>
  </testsuite>
  <testsuite name="Service Tests" errors="0" failures="0" skipped="0" timestamp="2020-03-11T04:39:00" time="2.374" tests="5">
    <testcase classname="Service Tests DevengoNomina Service Service methods should find an element" name="Service Tests DevengoNomina Service Service methods should find an element" time="0.028">
    </testcase>
    <testcase classname="Service Tests DevengoNomina Service Service methods should create a DevengoNomina" name="Service Tests DevengoNomina Service Service methods should create a DevengoNomina" time="0.02">
    </testcase>
    <testcase classname="Service Tests DevengoNomina Service Service methods should update a DevengoNomina" name="Service Tests DevengoNomina Service Service methods should update a DevengoNomina" time="0.018">
    </testcase>
    <testcase classname="Service Tests DevengoNomina Service Service methods should return a list of DevengoNomina" name="Service Tests DevengoNomina Service Service methods should return a list of DevengoNomina" time="0.019">
    </testcase>
    <testcase classname="Service Tests DevengoNomina Service Service methods should delete a DevengoNomina" name="Service Tests DevengoNomina Service Service methods should delete a DevengoNomina" time="0.013">
    </testcase>
  </testsuite>
  <testsuite name="Service Tests" errors="0" failures="0" skipped="0" timestamp="2020-03-11T04:39:00" time="2.503" tests="5">
    <testcase classname="Service Tests AsignacionTurno Service Service methods should find an element" name="Service Tests AsignacionTurno Service Service methods should find an element" time="0.035">
    </testcase>
    <testcase classname="Service Tests AsignacionTurno Service Service methods should create a AsignacionTurno" name="Service Tests AsignacionTurno Service Service methods should create a AsignacionTurno" time="0.044">
    </testcase>
    <testcase classname="Service Tests AsignacionTurno Service Service methods should update a AsignacionTurno" name="Service Tests AsignacionTurno Service Service methods should update a AsignacionTurno" time="0.029">
    </testcase>
    <testcase classname="Service Tests AsignacionTurno Service Service methods should return a list of AsignacionTurno" name="Service Tests AsignacionTurno Service Service methods should return a list of AsignacionTurno" time="0.052">
    </testcase>
    <testcase classname="Service Tests AsignacionTurno Service Service methods should delete a AsignacionTurno" name="Service Tests AsignacionTurno Service Service methods should delete a AsignacionTurno" time="0.034">
    </testcase>
  </testsuite>
  <testsuite name="Component Tests" errors="0" failures="0" skipped="0" timestamp="2020-03-11T04:39:02" time="2.217" tests="5">
    <testcase classname="Component Tests RegisterComponent should ensure the two passwords entered match" name="Component Tests RegisterComponent should ensure the two passwords entered match" time="0.044">
    </testcase>
    <testcase classname="Component Tests RegisterComponent should update success to OK after creating an account" name="Component Tests RegisterComponent should update success to OK after creating an account" time="0.057">
    </testcase>
    <testcase classname="Component Tests RegisterComponent should notify of user existence upon 400/login already in use" name="Component Tests RegisterComponent should notify of user existence upon 400/login already in use" time="0.041">
    </testcase>
    <testcase classname="Component Tests RegisterComponent should notify of email existence upon 400/email address already in use" name="Component Tests RegisterComponent should notify of email existence upon 400/email address already in use" time="0.033">
    </testcase>
    <testcase classname="Component Tests RegisterComponent should notify of generic error" name="Component Tests RegisterComponent should notify of generic error" time="0.04">
    </testcase>
  </testsuite>
  <testsuite name="Component Tests" errors="0" failures="0" skipped="0" timestamp="2020-03-11T04:39:02" time="2.798" tests="6">
    <testcase classname="Component Tests PlanificacionAsistencia Management Component Should call load all on init" name="Component Tests PlanificacionAsistencia Management Component Should call load all on init" time="0.143">
    </testcase>
    <testcase classname="Component Tests PlanificacionAsistencia Management Component should load a page" name="Component Tests PlanificacionAsistencia Management Component should load a page" time="0.085">
    </testcase>
    <testcase classname="Component Tests PlanificacionAsistencia Management Component should not load a page is the page is the same as the previous page" name="Component Tests PlanificacionAsistencia Management Component should not load a page is the page is the same as the previous page" time="0.099">
    </testcase>
    <testcase classname="Component Tests PlanificacionAsistencia Management Component should re-initialize the page" name="Component Tests PlanificacionAsistencia Management Component should re-initialize the page" time="0.054">
    </testcase>
    <testcase classname="Component Tests PlanificacionAsistencia Management Component should calculate the sort attribute for an id" name="Component Tests PlanificacionAsistencia Management Component should calculate the sort attribute for an id" time="0.066">
    </testcase>
    <testcase classname="Component Tests PlanificacionAsistencia Management Component should calculate the sort attribute for a non-id attribute" name="Component Tests PlanificacionAsistencia Management Component should calculate the sort attribute for a non-id attribute" time="0.095">
    </testcase>
  </testsuite>
  <testsuite name="Component Tests" errors="0" failures="0" skipped="0" timestamp="2020-03-11T04:39:04" time="3.194" tests="6">
    <testcase classname="Component Tests AsistenciaHorasExtras Management Component Should call load all on init" name="Component Tests AsistenciaHorasExtras Management Component Should call load all on init" time="0.1">
    </testcase>
    <testcase classname="Component Tests AsistenciaHorasExtras Management Component should load a page" name="Component Tests AsistenciaHorasExtras Management Component should load a page" time="0.048">
    </testcase>
    <testcase classname="Component Tests AsistenciaHorasExtras Management Component should not load a page is the page is the same as the previous page" name="Component Tests AsistenciaHorasExtras Management Component should not load a page is the page is the same as the previous page" time="0.075">
    </testcase>
    <testcase classname="Component Tests AsistenciaHorasExtras Management Component should re-initialize the page" name="Component Tests AsistenciaHorasExtras Management Component should re-initialize the page" time="0.058">
    </testcase>
    <testcase classname="Component Tests AsistenciaHorasExtras Management Component should calculate the sort attribute for an id" name="Component Tests AsistenciaHorasExtras Management Component should calculate the sort attribute for an id" time="0.049">
    </testcase>
    <testcase classname="Component Tests AsistenciaHorasExtras Management Component should calculate the sort attribute for a non-id attribute" name="Component Tests AsistenciaHorasExtras Management Component should calculate the sort attribute for a non-id attribute" time="0.029">
    </testcase>
  </testsuite>
  <testsuite name="Component Tests" errors="0" failures="0" skipped="0" timestamp="2020-03-11T04:39:05" time="3.12" tests="6">
    <testcase classname="Component Tests AuditsComponent today function  should set toDate to current date" name="Component Tests AuditsComponent today function  should set toDate to current date" time="0.041">
    </testcase>
    <testcase classname="Component Tests AuditsComponent previousMonth function  should set fromDate to current date" name="Component Tests AuditsComponent previousMonth function  should set fromDate to current date" time="0.05">
    </testcase>
    <testcase classname="Component Tests AuditsComponent By default, on init should set all default values correctly" name="Component Tests AuditsComponent By default, on init should set all default values correctly" time="0.033">
    </testcase>
    <testcase classname="Component Tests AuditsComponent OnInit Should call load all on init" name="Component Tests AuditsComponent OnInit Should call load all on init" time="0.029">
    </testcase>
    <testcase classname="Component Tests AuditsComponent Create sort object Should sort only by id asc" name="Component Tests AuditsComponent Create sort object Should sort only by id asc" time="0.022">
    </testcase>
    <testcase classname="Component Tests AuditsComponent Create sort object Should sort by timestamp asc then by id" name="Component Tests AuditsComponent Create sort object Should sort by timestamp asc then by id" time="0.031">
    </testcase>
  </testsuite>
  <testsuite name="Component Tests" errors="0" failures="0" skipped="0" timestamp="2020-03-11T04:39:08" time="1.932" tests="6">
    <testcase classname="Component Tests PlaneacionSemanal Management Component Should call load all on init" name="Component Tests PlaneacionSemanal Management Component Should call load all on init" time="0.047">
    </testcase>
    <testcase classname="Component Tests PlaneacionSemanal Management Component should load a page" name="Component Tests PlaneacionSemanal Management Component should load a page" time="0.039">
    </testcase>
    <testcase classname="Component Tests PlaneacionSemanal Management Component should not load a page is the page is the same as the previous page" name="Component Tests PlaneacionSemanal Management Component should not load a page is the page is the same as the previous page" time="0.05">
    </testcase>
    <testcase classname="Component Tests PlaneacionSemanal Management Component should re-initialize the page" name="Component Tests PlaneacionSemanal Management Component should re-initialize the page" time="0.04">
    </testcase>
    <testcase classname="Component Tests PlaneacionSemanal Management Component should calculate the sort attribute for an id" name="Component Tests PlaneacionSemanal Management Component should calculate the sort attribute for an id" time="0.039">
    </testcase>
    <testcase classname="Component Tests PlaneacionSemanal Management Component should calculate the sort attribute for a non-id attribute" name="Component Tests PlaneacionSemanal Management Component should calculate the sort attribute for a non-id attribute" time="0.036">
    </testcase>
  </testsuite>
  <testsuite name="Component Tests" errors="0" failures="0" skipped="0" timestamp="2020-03-11T04:39:08" time="1.904" tests="6">
    <testcase classname="Component Tests ReporteAsistencia Management Component Should call load all on init" name="Component Tests ReporteAsistencia Management Component Should call load all on init" time="0.066">
    </testcase>
    <testcase classname="Component Tests ReporteAsistencia Management Component should load a page" name="Component Tests ReporteAsistencia Management Component should load a page" time="0.042">
    </testcase>
    <testcase classname="Component Tests ReporteAsistencia Management Component should not load a page is the page is the same as the previous page" name="Component Tests ReporteAsistencia Management Component should not load a page is the page is the same as the previous page" time="0.051">
    </testcase>
    <testcase classname="Component Tests ReporteAsistencia Management Component should re-initialize the page" name="Component Tests ReporteAsistencia Management Component should re-initialize the page" time="0.037">
    </testcase>
    <testcase classname="Component Tests ReporteAsistencia Management Component should calculate the sort attribute for an id" name="Component Tests ReporteAsistencia Management Component should calculate the sort attribute for an id" time="0.029">
    </testcase>
    <testcase classname="Component Tests ReporteAsistencia Management Component should calculate the sort attribute for a non-id attribute" name="Component Tests ReporteAsistencia Management Component should calculate the sort attribute for a non-id attribute" time="0.043">
    </testcase>
  </testsuite>
  <testsuite name="Component Tests" errors="0" failures="0" skipped="0" timestamp="2020-03-11T04:39:10" time="1.928" tests="6">
    <testcase classname="Component Tests IntercambioTurno Management Component Should call load all on init" name="Component Tests IntercambioTurno Management Component Should call load all on init" time="0.055">
    </testcase>
    <testcase classname="Component Tests IntercambioTurno Management Component should load a page" name="Component Tests IntercambioTurno Management Component should load a page" time="0.061">
    </testcase>
    <testcase classname="Component Tests IntercambioTurno Management Component should not load a page is the page is the same as the previous page" name="Component Tests IntercambioTurno Management Component should not load a page is the page is the same as the previous page" time="0.039">
    </testcase>
    <testcase classname="Component Tests IntercambioTurno Management Component should re-initialize the page" name="Component Tests IntercambioTurno Management Component should re-initialize the page" time="0.031">
    </testcase>
    <testcase classname="Component Tests IntercambioTurno Management Component should calculate the sort attribute for an id" name="Component Tests IntercambioTurno Management Component should calculate the sort attribute for an id" time="0.051">
    </testcase>
    <testcase classname="Component Tests IntercambioTurno Management Component should calculate the sort attribute for a non-id attribute" name="Component Tests IntercambioTurno Management Component should calculate the sort attribute for a non-id attribute" time="0.049">
    </testcase>
  </testsuite>
  <testsuite name="Component Tests" errors="0" failures="0" skipped="0" timestamp="2020-03-11T04:39:10" time="1.704" tests="5">
    <testcase classname="Component Tests PasswordResetInitComponent should define its initial state" name="Component Tests PasswordResetInitComponent should define its initial state" time="0.039">
    </testcase>
    <testcase classname="Component Tests PasswordResetInitComponent sets focus after the view has been initialized" name="Component Tests PasswordResetInitComponent sets focus after the view has been initialized" time="0.041">
    </testcase>
    <testcase classname="Component Tests PasswordResetInitComponent notifies of success upon successful requestReset" name="Component Tests PasswordResetInitComponent notifies of success upon successful requestReset" time="0.032">
    </testcase>
    <testcase classname="Component Tests PasswordResetInitComponent notifies of unknown email upon email address not registered/400" name="Component Tests PasswordResetInitComponent notifies of unknown email upon email address not registered/400" time="0.031">
    </testcase>
    <testcase classname="Component Tests PasswordResetInitComponent notifies of error upon error response" name="Component Tests PasswordResetInitComponent notifies of error upon error response" time="0.033">
    </testcase>
  </testsuite>
  <testsuite name="Component Tests" errors="0" failures="0" skipped="0" timestamp="2020-03-11T04:39:12" time="2.231" tests="5">
    <testcase classname="Component Tests PasswordResetFinishComponent should define its initial state" name="Component Tests PasswordResetFinishComponent should define its initial state" time="0.036">
    </testcase>
    <testcase classname="Component Tests PasswordResetFinishComponent sets focus after the view has been initialized" name="Component Tests PasswordResetFinishComponent sets focus after the view has been initialized" time="0.046">
    </testcase>
    <testcase classname="Component Tests PasswordResetFinishComponent should ensure the two passwords entered match" name="Component Tests PasswordResetFinishComponent should ensure the two passwords entered match" time="0.036">
    </testcase>
    <testcase classname="Component Tests PasswordResetFinishComponent should update success to OK after resetting password" name="Component Tests PasswordResetFinishComponent should update success to OK after resetting password" time="0.02">
    </testcase>
    <testcase classname="Component Tests PasswordResetFinishComponent should notify of generic error" name="Component Tests PasswordResetFinishComponent should notify of generic error" time="0.025">
    </testcase>
  </testsuite>
  <testsuite name="Component Tests" errors="0" failures="0" skipped="0" timestamp="2020-03-11T04:39:12" time="2.487" tests="6">
    <testcase classname="Component Tests Antecedentes Management Component Should call load all on init" name="Component Tests Antecedentes Management Component Should call load all on init" time="0.069">
    </testcase>
    <testcase classname="Component Tests Antecedentes Management Component should load a page" name="Component Tests Antecedentes Management Component should load a page" time="0.053">
    </testcase>
    <testcase classname="Component Tests Antecedentes Management Component should not load a page is the page is the same as the previous page" name="Component Tests Antecedentes Management Component should not load a page is the page is the same as the previous page" time="0.038">
    </testcase>
    <testcase classname="Component Tests Antecedentes Management Component should re-initialize the page" name="Component Tests Antecedentes Management Component should re-initialize the page" time="0.053">
    </testcase>
    <testcase classname="Component Tests Antecedentes Management Component should calculate the sort attribute for an id" name="Component Tests Antecedentes Management Component should calculate the sort attribute for an id" time="0.052">
    </testcase>
    <testcase classname="Component Tests Antecedentes Management Component should calculate the sort attribute for a non-id attribute" name="Component Tests Antecedentes Management Component should calculate the sort attribute for a non-id attribute" time="0.035">
    </testcase>
  </testsuite>
  <testsuite name="Component Tests" errors="0" failures="0" skipped="0" timestamp="2020-03-11T04:39:14" time="3.417" tests="6">
    <testcase classname="Component Tests CentroCosto Management Component Should call load all on init" name="Component Tests CentroCosto Management Component Should call load all on init" time="0.046">
    </testcase>
    <testcase classname="Component Tests CentroCosto Management Component should load a page" name="Component Tests CentroCosto Management Component should load a page" time="0.043">
    </testcase>
    <testcase classname="Component Tests CentroCosto Management Component should not load a page is the page is the same as the previous page" name="Component Tests CentroCosto Management Component should not load a page is the page is the same as the previous page" time="0.037">
    </testcase>
    <testcase classname="Component Tests CentroCosto Management Component should re-initialize the page" name="Component Tests CentroCosto Management Component should re-initialize the page" time="0.032">
    </testcase>
    <testcase classname="Component Tests CentroCosto Management Component should calculate the sort attribute for an id" name="Component Tests CentroCosto Management Component should calculate the sort attribute for an id" time="0.046">
    </testcase>
    <testcase classname="Component Tests CentroCosto Management Component should calculate the sort attribute for a non-id attribute" name="Component Tests CentroCosto Management Component should calculate the sort attribute for a non-id attribute" time="0.033">
    </testcase>
  </testsuite>
  <testsuite name="Component Tests" errors="0" failures="0" skipped="0" timestamp="2020-03-11T04:39:15" time="2.882" tests="6">
    <testcase classname="Component Tests Colaborador Management Component Should call load all on init" name="Component Tests Colaborador Management Component Should call load all on init" time="0.056">
    </testcase>
    <testcase classname="Component Tests Colaborador Management Component should load a page" name="Component Tests Colaborador Management Component should load a page" time="0.062">
    </testcase>
    <testcase classname="Component Tests Colaborador Management Component should not load a page is the page is the same as the previous page" name="Component Tests Colaborador Management Component should not load a page is the page is the same as the previous page" time="0.051">
    </testcase>
    <testcase classname="Component Tests Colaborador Management Component should re-initialize the page" name="Component Tests Colaborador Management Component should re-initialize the page" time="0.042">
    </testcase>
    <testcase classname="Component Tests Colaborador Management Component should calculate the sort attribute for an id" name="Component Tests Colaborador Management Component should calculate the sort attribute for an id" time="0.04">
    </testcase>
    <testcase classname="Component Tests Colaborador Management Component should calculate the sort attribute for a non-id attribute" name="Component Tests Colaborador Management Component should calculate the sort attribute for a non-id attribute" time="0.031">
    </testcase>
  </testsuite>
  <testsuite name="Component Tests" errors="0" failures="0" skipped="0" timestamp="2020-03-11T04:39:17" time="1.993" tests="6">
    <testcase classname="Component Tests Asistencia Management Component Should call load all on init" name="Component Tests Asistencia Management Component Should call load all on init" time="0.054">
    </testcase>
    <testcase classname="Component Tests Asistencia Management Component should load a page" name="Component Tests Asistencia Management Component should load a page" time="0.035">
    </testcase>
    <testcase classname="Component Tests Asistencia Management Component should not load a page is the page is the same as the previous page" name="Component Tests Asistencia Management Component should not load a page is the page is the same as the previous page" time="0.048">
    </testcase>
    <testcase classname="Component Tests Asistencia Management Component should re-initialize the page" name="Component Tests Asistencia Management Component should re-initialize the page" time="0.039">
    </testcase>
    <testcase classname="Component Tests Asistencia Management Component should calculate the sort attribute for an id" name="Component Tests Asistencia Management Component should calculate the sort attribute for an id" time="0.041">
    </testcase>
    <testcase classname="Component Tests Asistencia Management Component should calculate the sort attribute for a non-id attribute" name="Component Tests Asistencia Management Component should calculate the sort attribute for a non-id attribute" time="0.04">
    </testcase>
  </testsuite>
  <testsuite name="Component Tests" errors="0" failures="0" skipped="0" timestamp="2020-03-11T04:39:18" time="1.879" tests="6">
    <testcase classname="Component Tests Novedades Management Component Should call load all on init" name="Component Tests Novedades Management Component Should call load all on init" time="0.047">
    </testcase>
    <testcase classname="Component Tests Novedades Management Component should load a page" name="Component Tests Novedades Management Component should load a page" time="0.043">
    </testcase>
    <testcase classname="Component Tests Novedades Management Component should not load a page is the page is the same as the previous page" name="Component Tests Novedades Management Component should not load a page is the page is the same as the previous page" time="0.045">
    </testcase>
    <testcase classname="Component Tests Novedades Management Component should re-initialize the page" name="Component Tests Novedades Management Component should re-initialize the page" time="0.039">
    </testcase>
    <testcase classname="Component Tests Novedades Management Component should calculate the sort attribute for an id" name="Component Tests Novedades Management Component should calculate the sort attribute for an id" time="0.05">
    </testcase>
    <testcase classname="Component Tests Novedades Management Component should calculate the sort attribute for a non-id attribute" name="Component Tests Novedades Management Component should calculate the sort attribute for a non-id attribute" time="0.051">
    </testcase>
  </testsuite>
  <testsuite name="Component Tests" errors="0" failures="0" skipped="0" timestamp="2020-03-11T04:39:19" time="2.031" tests="6">
    <testcase classname="Component Tests Peticion Management Component Should call load all on init" name="Component Tests Peticion Management Component Should call load all on init" time="0.041">
    </testcase>
    <testcase classname="Component Tests Peticion Management Component should load a page" name="Component Tests Peticion Management Component should load a page" time="0.056">
    </testcase>
    <testcase classname="Component Tests Peticion Management Component should not load a page is the page is the same as the previous page" name="Component Tests Peticion Management Component should not load a page is the page is the same as the previous page" time="0.046">
    </testcase>
    <testcase classname="Component Tests Peticion Management Component should re-initialize the page" name="Component Tests Peticion Management Component should re-initialize the page" time="0.037">
    </testcase>
    <testcase classname="Component Tests Peticion Management Component should calculate the sort attribute for an id" name="Component Tests Peticion Management Component should calculate the sort attribute for an id" time="0.036">
    </testcase>
    <testcase classname="Component Tests Peticion Management Component should calculate the sort attribute for a non-id attribute" name="Component Tests Peticion Management Component should calculate the sort attribute for a non-id attribute" time="0.029">
    </testcase>
  </testsuite>
  <testsuite name="Component Tests" errors="0" failures="0" skipped="0" timestamp="2020-03-11T04:39:19" time="2.524" tests="6">
    <testcase classname="Component Tests Cargo Management Component Should call load all on init" name="Component Tests Cargo Management Component Should call load all on init" time="0.068">
    </testcase>
    <testcase classname="Component Tests Cargo Management Component should load a page" name="Component Tests Cargo Management Component should load a page" time="0.049">
    </testcase>
    <testcase classname="Component Tests Cargo Management Component should not load a page is the page is the same as the previous page" name="Component Tests Cargo Management Component should not load a page is the page is the same as the previous page" time="0.035">
    </testcase>
    <testcase classname="Component Tests Cargo Management Component should re-initialize the page" name="Component Tests Cargo Management Component should re-initialize the page" time="0.043">
    </testcase>
    <testcase classname="Component Tests Cargo Management Component should calculate the sort attribute for an id" name="Component Tests Cargo Management Component should calculate the sort attribute for an id" time="0.034">
    </testcase>
    <testcase classname="Component Tests Cargo Management Component should calculate the sort attribute for a non-id attribute" name="Component Tests Cargo Management Component should calculate the sort attribute for a non-id attribute" time="0.042">
    </testcase>
  </testsuite>
  <testsuite name="Component Tests" errors="0" failures="0" skipped="0" timestamp="2020-03-11T04:39:21" time="1.7" tests="6">
    <testcase classname="Component Tests Turno Management Component Should call load all on init" name="Component Tests Turno Management Component Should call load all on init" time="0.061">
    </testcase>
    <testcase classname="Component Tests Turno Management Component should load a page" name="Component Tests Turno Management Component should load a page" time="0.033">
    </testcase>
    <testcase classname="Component Tests Turno Management Component should not load a page is the page is the same as the previous page" name="Component Tests Turno Management Component should not load a page is the page is the same as the previous page" time="0.042">
    </testcase>
    <testcase classname="Component Tests Turno Management Component should re-initialize the page" name="Component Tests Turno Management Component should re-initialize the page" time="0.042">
    </testcase>
    <testcase classname="Component Tests Turno Management Component should calculate the sort attribute for an id" name="Component Tests Turno Management Component should calculate the sort attribute for an id" time="0.022">
    </testcase>
    <testcase classname="Component Tests Turno Management Component should calculate the sort attribute for a non-id attribute" name="Component Tests Turno Management Component should calculate the sort attribute for a non-id attribute" time="0.039">
    </testcase>
  </testsuite>
  <testsuite name="Service Tests" errors="0" failures="0" skipped="0" timestamp="2020-03-11T04:39:22" time="1.322" tests="5">
    <testcase classname="Service Tests CentroCosto Service Service methods should find an element" name="Service Tests CentroCosto Service Service methods should find an element" time="0.017">
    </testcase>
    <testcase classname="Service Tests CentroCosto Service Service methods should create a CentroCosto" name="Service Tests CentroCosto Service Service methods should create a CentroCosto" time="0.026">
    </testcase>
    <testcase classname="Service Tests CentroCosto Service Service methods should update a CentroCosto" name="Service Tests CentroCosto Service Service methods should update a CentroCosto" time="0.016">
    </testcase>
    <testcase classname="Service Tests CentroCosto Service Service methods should return a list of CentroCosto" name="Service Tests CentroCosto Service Service methods should return a list of CentroCosto" time="0.018">
    </testcase>
    <testcase classname="Service Tests CentroCosto Service Service methods should delete a CentroCosto" name="Service Tests CentroCosto Service Service methods should delete a CentroCosto" time="0.015">
    </testcase>
  </testsuite>
  <testsuite name="Service Tests" errors="0" failures="0" skipped="0" timestamp="2020-03-11T04:39:23" time="1.184" tests="5">
    <testcase classname="Service Tests Antecedentes Service Service methods should find an element" name="Service Tests Antecedentes Service Service methods should find an element" time="0.018">
    </testcase>
    <testcase classname="Service Tests Antecedentes Service Service methods should create a Antecedentes" name="Service Tests Antecedentes Service Service methods should create a Antecedentes" time="0.025">
    </testcase>
    <testcase classname="Service Tests Antecedentes Service Service methods should update a Antecedentes" name="Service Tests Antecedentes Service Service methods should update a Antecedentes" time="0.024">
    </testcase>
    <testcase classname="Service Tests Antecedentes Service Service methods should return a list of Antecedentes" name="Service Tests Antecedentes Service Service methods should return a list of Antecedentes" time="0.018">
    </testcase>
    <testcase classname="Service Tests Antecedentes Service Service methods should delete a Antecedentes" name="Service Tests Antecedentes Service Service methods should delete a Antecedentes" time="0.015">
    </testcase>
  </testsuite>
  <testsuite name="Service Tests" errors="0" failures="0" skipped="0" timestamp="2020-03-11T04:39:23" time="1.138" tests="5">
    <testcase classname="Service Tests Cargo Service Service methods should find an element" name="Service Tests Cargo Service Service methods should find an element" time="0.026">
    </testcase>
    <testcase classname="Service Tests Cargo Service Service methods should create a Cargo" name="Service Tests Cargo Service Service methods should create a Cargo" time="0.019">
    </testcase>
    <testcase classname="Service Tests Cargo Service Service methods should update a Cargo" name="Service Tests Cargo Service Service methods should update a Cargo" time="0.014">
    </testcase>
    <testcase classname="Service Tests Cargo Service Service methods should return a list of Cargo" name="Service Tests Cargo Service Service methods should return a list of Cargo" time="0.017">
    </testcase>
    <testcase classname="Service Tests Cargo Service Service methods should delete a Cargo" name="Service Tests Cargo Service Service methods should delete a Cargo" time="0.03">
    </testcase>
  </testsuite>
  <testsuite name="Service Tests" errors="0" failures="0" skipped="0" timestamp="2020-03-11T04:39:25" time="1.338" tests="8">
    <testcase classname="Service Tests Account Service Service methods should call /account if user is undefined" name="Service Tests Account Service Service methods should call /account if user is undefined" time="0.032">
    </testcase>
    <testcase classname="Service Tests Account Service Service methods should call /account only once" name="Service Tests Account Service Service methods should call /account only once" time="0.017">
    </testcase>
    <testcase classname="Service Tests Account Service Service methods hasAuthority should return false if user is not logged" name="Service Tests Account Service Service methods hasAuthority should return false if user is not logged" time="0.013">
    </testcase>
    <testcase classname="Service Tests Account Service Service methods hasAuthority should return false if user is logged and has not authority" name="Service Tests Account Service Service methods hasAuthority should return false if user is logged and has not authority" time="0.017">
    </testcase>
    <testcase classname="Service Tests Account Service Service methods hasAuthority should return true if user is logged and has authority" name="Service Tests Account Service Service methods hasAuthority should return true if user is logged and has authority" time="0.014">
    </testcase>
    <testcase classname="Service Tests Account Service Service methods hasAnyAuthority should return false if user is not logged" name="Service Tests Account Service Service methods hasAnyAuthority should return false if user is not logged" time="0.015">
    </testcase>
    <testcase classname="Service Tests Account Service Service methods hasAnyAuthority should return false if user is logged and has not authority" name="Service Tests Account Service Service methods hasAnyAuthority should return false if user is logged and has not authority" time="0.017">
    </testcase>
    <testcase classname="Service Tests Account Service Service methods hasAnyAuthority should return true if user is logged and has authority" name="Service Tests Account Service Service methods hasAnyAuthority should return true if user is logged and has authority" time="0.017">
    </testcase>
  </testsuite>
  <testsuite name="Service Tests" errors="0" failures="0" skipped="0" timestamp="2020-03-11T04:39:24" time="1.983" tests="5">
    <testcase classname="Service Tests Telefono Service Service methods should find an element" name="Service Tests Telefono Service Service methods should find an element" time="0.027">
    </testcase>
    <testcase classname="Service Tests Telefono Service Service methods should create a Telefono" name="Service Tests Telefono Service Service methods should create a Telefono" time="0.023">
    </testcase>
    <testcase classname="Service Tests Telefono Service Service methods should update a Telefono" name="Service Tests Telefono Service Service methods should update a Telefono" time="0.014">
    </testcase>
    <testcase classname="Service Tests Telefono Service Service methods should return a list of Telefono" name="Service Tests Telefono Service Service methods should return a list of Telefono" time="0.015">
    </testcase>
    <testcase classname="Service Tests Telefono Service Service methods should delete a Telefono" name="Service Tests Telefono Service Service methods should delete a Telefono" time="0.014">
    </testcase>
  </testsuite>
  <testsuite name="Component Tests" errors="0" failures="0" skipped="0" timestamp="2020-03-11T04:39:26" time="1.68" tests="3">
    <testcase classname="Component Tests User Management Update Component OnInit Should load authorities and language on init" name="Component Tests User Management Update Component OnInit Should load authorities and language on init" time="0.038">
    </testcase>
    <testcase classname="Component Tests User Management Update Component save Should call update service on save for existing user" name="Component Tests User Management Update Component save Should call update service on save for existing user" time="0.043">
    </testcase>
    <testcase classname="Component Tests User Management Update Component save Should call create service on save for new user" name="Component Tests User Management Update Component save Should call create service on save for new user" time="0.033">
    </testcase>
  </testsuite>
  <testsuite name="Service Tests" errors="0" failures="0" skipped="0" timestamp="2020-03-11T04:39:26" time="1.273" tests="5">
    <testcase classname="Service Tests AsistenciaPlaneacion Service Service methods should find an element" name="Service Tests AsistenciaPlaneacion Service Service methods should find an element" time="0.021">
    </testcase>
    <testcase classname="Service Tests AsistenciaPlaneacion Service Service methods should create a AsistenciaPlaneacion" name="Service Tests AsistenciaPlaneacion Service Service methods should create a AsistenciaPlaneacion" time="0.023">
    </testcase>
    <testcase classname="Service Tests AsistenciaPlaneacion Service Service methods should update a AsistenciaPlaneacion" name="Service Tests AsistenciaPlaneacion Service Service methods should update a AsistenciaPlaneacion" time="0.014">
    </testcase>
    <testcase classname="Service Tests AsistenciaPlaneacion Service Service methods should return a list of AsistenciaPlaneacion" name="Service Tests AsistenciaPlaneacion Service Service methods should return a list of AsistenciaPlaneacion" time="0.011">
    </testcase>
    <testcase classname="Service Tests AsistenciaPlaneacion Service Service methods should delete a AsistenciaPlaneacion" name="Service Tests AsistenciaPlaneacion Service Service methods should delete a AsistenciaPlaneacion" time="0.019">
    </testcase>
  </testsuite>
  <testsuite name="Component Tests" errors="0" failures="0" skipped="0" timestamp="2020-03-11T04:39:28" time="1.725" tests="4">
    <testcase classname="Component Tests PasswordComponent should show error if passwords do not match" name="Component Tests PasswordComponent should show error if passwords do not match" time="0.057">
    </testcase>
    <testcase classname="Component Tests PasswordComponent should call Auth.changePassword when passwords match" name="Component Tests PasswordComponent should call Auth.changePassword when passwords match" time="0.041">
    </testcase>
    <testcase classname="Component Tests PasswordComponent should set success to OK upon success" name="Component Tests PasswordComponent should set success to OK upon success" time="0.052">
    </testcase>
    <testcase classname="Component Tests PasswordComponent should notify of error if change password fails" name="Component Tests PasswordComponent should notify of error if change password fails" time="0.033">
    </testcase>
  </testsuite>
  <testsuite name="Component Tests" errors="0" failures="0" skipped="0" timestamp="2020-03-11T04:39:28" time="2.119" tests="2">
    <testcase classname="Component Tests Colaborador Management Update Component save Should call update service on save for existing entity" name="Component Tests Colaborador Management Update Component save Should call update service on save for existing entity" time="0.066">
    </testcase>
    <testcase classname="Component Tests Colaborador Management Update Component save Should call create service on save for new entity" name="Component Tests Colaborador Management Update Component save Should call create service on save for new entity" time="0.036">
    </testcase>
  </testsuite>
  <testsuite name="Component Tests" errors="0" failures="0" skipped="0" timestamp="2020-03-11T04:39:29" time="1.873" tests="3">
    <testcase classname="Component Tests LogsComponent OnInit should set all default values correctly" name="Component Tests LogsComponent OnInit should set all default values correctly" time="0.099">
    </testcase>
    <testcase classname="Component Tests LogsComponent OnInit Should call load all on init" name="Component Tests LogsComponent OnInit Should call load all on init" time="0.083">
    </testcase>
    <testcase classname="Component Tests LogsComponent change log level should change log level correctly" name="Component Tests LogsComponent change log level should change log level correctly" time="0.171">
    </testcase>
  </testsuite>
  <testsuite name="Component Tests" errors="0" failures="0" skipped="0" timestamp="2020-03-11T04:39:30" time="2.01" tests="2">
    <testcase classname="Component Tests User Management Component OnInit Should call load all on init" name="Component Tests User Management Component OnInit Should call load all on init" time="0.039">
    </testcase>
    <testcase classname="Component Tests User Management Component setActive Should update user and call load all" name="Component Tests User Management Component setActive Should update user and call load all" time="0.03">
    </testcase>
  </testsuite>
  <testsuite name="Component Tests" errors="0" failures="0" skipped="0" timestamp="2020-03-11T04:39:31" time="2.077" tests="2">
    <testcase classname="Component Tests ReporteAsistenciaHorasExtras Management Update Component save Should call update service on save for existing entity" name="Component Tests ReporteAsistenciaHorasExtras Management Update Component save Should call update service on save for existing entity" time="0.075">
    </testcase>
    <testcase classname="Component Tests ReporteAsistenciaHorasExtras Management Update Component save Should call create service on save for new entity" name="Component Tests ReporteAsistenciaHorasExtras Management Update Component save Should call create service on save for new entity" time="0.049">
    </testcase>
  </testsuite>
  <testsuite name="Component Tests" errors="0" failures="0" skipped="0" timestamp="2020-03-11T04:39:32" time="2.487" tests="2">
    <testcase classname="Component Tests PlanificacionAsistencia Management Update Component save Should call update service on save for existing entity" name="Component Tests PlanificacionAsistencia Management Update Component save Should call update service on save for existing entity" time="0.076">
    </testcase>
    <testcase classname="Component Tests PlanificacionAsistencia Management Update Component save Should call create service on save for new entity" name="Component Tests PlanificacionAsistencia Management Update Component save Should call create service on save for new entity" time="0.051">
    </testcase>
  </testsuite>
  <testsuite name="Component Tests" errors="0" failures="0" skipped="0" timestamp="2020-03-11T04:39:34" time="1.891" tests="2">
    <testcase classname="Component Tests AsistenciaHorasExtras Management Update Component save Should call update service on save for existing entity" name="Component Tests AsistenciaHorasExtras Management Update Component save Should call update service on save for existing entity" time="0.066">
    </testcase>
    <testcase classname="Component Tests AsistenciaHorasExtras Management Update Component save Should call create service on save for new entity" name="Component Tests AsistenciaHorasExtras Management Update Component save Should call create service on save for new entity" time="0.034">
    </testcase>
  </testsuite>
  <testsuite name="Component Tests" errors="0" failures="0" skipped="0" timestamp="2020-03-11T04:39:35" time="1.702" tests="2">
    <testcase classname="Component Tests AsignacionHorasExtras Management Update Component save Should call update service on save for existing entity" name="Component Tests AsignacionHorasExtras Management Update Component save Should call update service on save for existing entity" time="0.06">
    </testcase>
    <testcase classname="Component Tests AsignacionHorasExtras Management Update Component save Should call create service on save for new entity" name="Component Tests AsignacionHorasExtras Management Update Component save Should call create service on save for new entity" time="0.052">
    </testcase>
  </testsuite>
  <testsuite name="Component Tests" errors="0" failures="0" skipped="0" timestamp="2020-03-11T04:39:35" time="2.055" tests="2">
    <testcase classname="Component Tests AsistenciaPlaneacion Management Update Component save Should call update service on save for existing entity" name="Component Tests AsistenciaPlaneacion Management Update Component save Should call update service on save for existing entity" time="0.097">
    </testcase>
    <testcase classname="Component Tests AsistenciaPlaneacion Management Update Component save Should call create service on save for new entity" name="Component Tests AsistenciaPlaneacion Management Update Component save Should call create service on save for new entity" time="0.044">
    </testcase>
  </testsuite>
  <testsuite name="Component Tests" errors="0" failures="0" skipped="0" timestamp="2020-03-11T04:39:36" time="1.985" tests="3">
    <testcase classname="Component Tests SettingsComponent should send the current identity upon save" name="Component Tests SettingsComponent should send the current identity upon save" time="0.06">
    </testcase>
    <testcase classname="Component Tests SettingsComponent should notify of success upon successful save" name="Component Tests SettingsComponent should notify of success upon successful save" time="0.037">
    </testcase>
    <testcase classname="Component Tests SettingsComponent should notify of error upon failed save" name="Component Tests SettingsComponent should notify of error upon failed save" time="0.029">
    </testcase>
  </testsuite>
  <testsuite name="Component Tests" errors="0" failures="2" skipped="0" timestamp="2020-03-11T04:39:38" time="2.346" tests="2">
    <testcase classname="Component Tests AsignacionTurno Management Update Component save Should call update service on save for existing entity" name="Component Tests AsignacionTurno Management Update Component save Should call update service on save for existing entity" time="0.111">
      <failure>TypeError: Cannot read property &apos;0&apos; of undefined
    at AsignacionTurnoUpdateComponent.setColaboradorSeleccionado (C:\Users\PERSONAL\Documents\PROYECTOS\Pasantia\Prueba7\src\main\webapp\app\entities\asignacion-turno\asignacion-turno-update.component.ts:6929:75)
    at AsignacionTurnoUpdateComponent.updateForm (C:\Users\PERSONAL\Documents\PROYECTOS\Pasantia\Prueba7\src\main\webapp\app\entities\asignacion-turno\asignacion-turno-update.component.ts:6357:12)
    at testing_1.fakeAsync (C:\Users\PERSONAL\Documents\PROYECTOS\Pasantia\Prueba7\src\test\javascript\spec\app\entities\asignacion-turno\asignacion-turno-update.component.spec.ts:36:14)
    at C:\Users\PERSONAL\Documents\PROYECTOS\Pasantia\Prueba7\node_modules\zone.js\dist\fake-async-test.js:793:22
    at ZoneDelegate.invoke (C:\Users\PERSONAL\Documents\PROYECTOS\Pasantia\Prueba7\node_modules\zone.js\dist\zone.js:464:160)
    at ProxyZoneSpec.onInvoke (C:\Users\PERSONAL\Documents\PROYECTOS\Pasantia\Prueba7\node_modules\zone.js\dist\proxy.js:148:35)
    at ZoneDelegate.invoke (C:\Users\PERSONAL\Documents\PROYECTOS\Pasantia\Prueba7\node_modules\zone.js\dist\zone.js:464:48)
    at Zone.run (C:\Users\PERSONAL\Documents\PROYECTOS\Pasantia\Prueba7\node_modules\zone.js\dist\zone.js:190:37)
    at Object.testBody.length (C:\Users\PERSONAL\Documents\PROYECTOS\Pasantia\Prueba7\node_modules\jest-preset-angular\zone-patch\index.js:51:54)
    at Object.asyncJestTest (C:\Users\PERSONAL\Documents\PROYECTOS\Pasantia\Prueba7\node_modules\jest-jasmine2\build\jasmineAsyncInstall.js:102:37)
    at resolve (C:\Users\PERSONAL\Documents\PROYECTOS\Pasantia\Prueba7\node_modules\jest-jasmine2\build\queueRunner.js:43:12)
    at new Promise (&lt;anonymous&gt;)
    at mapper (C:\Users\PERSONAL\Documents\PROYECTOS\Pasantia\Prueba7\node_modules\jest-jasmine2\build\queueRunner.js:26:19)
    at promise.then (C:\Users\PERSONAL\Documents\PROYECTOS\Pasantia\Prueba7\node_modules\jest-jasmine2\build\queueRunner.js:73:41)
    at process._tickCallback (internal/process/next_tick.js:68:7)</failure>
    </testcase>
    <testcase classname="Component Tests AsignacionTurno Management Update Component save Should call create service on save for new entity" name="Component Tests AsignacionTurno Management Update Component save Should call create service on save for new entity" time="0.044">
      <failure>Error: expect(spy).toHaveBeenCalledWith(...expected)

Expected: {&quot;cargo&quot;: undefined, &quot;colaboradors&quot;: undefined, &quot;fecha&quot;: undefined, &quot;fechaFin&quot;: undefined, &quot;id&quot;: undefined, &quot;turno&quot;: undefined}

Number of calls: 0
    at testing_1.fakeAsync (C:\Users\PERSONAL\Documents\PROYECTOS\Pasantia\Prueba7\src\test\javascript\spec\app\entities\asignacion-turno\asignacion-turno-update.component.spec.ts:56:32)
    at C:\Users\PERSONAL\Documents\PROYECTOS\Pasantia\Prueba7\node_modules\zone.js\dist\fake-async-test.js:793:22
    at ZoneDelegate.invoke (C:\Users\PERSONAL\Documents\PROYECTOS\Pasantia\Prueba7\node_modules\zone.js\dist\zone.js:464:160)
    at ProxyZoneSpec.onInvoke (C:\Users\PERSONAL\Documents\PROYECTOS\Pasantia\Prueba7\node_modules\zone.js\dist\proxy.js:148:35)
    at ZoneDelegate.invoke (C:\Users\PERSONAL\Documents\PROYECTOS\Pasantia\Prueba7\node_modules\zone.js\dist\zone.js:464:48)
    at Zone.run (C:\Users\PERSONAL\Documents\PROYECTOS\Pasantia\Prueba7\node_modules\zone.js\dist\zone.js:190:37)
    at Object.testBody.length (C:\Users\PERSONAL\Documents\PROYECTOS\Pasantia\Prueba7\node_modules\jest-preset-angular\zone-patch\index.js:51:54)
    at Object.asyncJestTest (C:\Users\PERSONAL\Documents\PROYECTOS\Pasantia\Prueba7\node_modules\jest-jasmine2\build\jasmineAsyncInstall.js:102:37)
    at resolve (C:\Users\PERSONAL\Documents\PROYECTOS\Pasantia\Prueba7\node_modules\jest-jasmine2\build\queueRunner.js:43:12)
    at new Promise (&lt;anonymous&gt;)
    at mapper (C:\Users\PERSONAL\Documents\PROYECTOS\Pasantia\Prueba7\node_modules\jest-jasmine2\build\queueRunner.js:26:19)
    at promise.then (C:\Users\PERSONAL\Documents\PROYECTOS\Pasantia\Prueba7\node_modules\jest-jasmine2\build\queueRunner.js:73:41)
    at process._tickCallback (internal/process/next_tick.js:68:7)</failure>
    </testcase>
  </testsuite>
  <testsuite name="Component Tests" errors="0" failures="0" skipped="0" timestamp="2020-03-11T04:39:38" time="2.128" tests="3">
    <testcase classname="Component Tests JhiConfigurationComponent OnInit should set all default values correctly" name="Component Tests JhiConfigurationComponent OnInit should set all default values correctly" time="0.035">
    </testcase>
    <testcase classname="Component Tests JhiConfigurationComponent OnInit Should call load all on init" name="Component Tests JhiConfigurationComponent OnInit Should call load all on init" time="0.03">
    </testcase>
    <testcase classname="Component Tests JhiConfigurationComponent keys method should return the keys of an Object" name="Component Tests JhiConfigurationComponent keys method should return the keys of an Object" time="0.034">
    </testcase>
  </testsuite>
  <testsuite name="Component Tests" errors="0" failures="0" skipped="0" timestamp="2020-03-11T04:39:40" time="1.578" tests="2">
    <testcase classname="Component Tests PlaneacionSemanal Management Update Component save Should call update service on save for existing entity" name="Component Tests PlaneacionSemanal Management Update Component save Should call update service on save for existing entity" time="0.058">
    </testcase>
    <testcase classname="Component Tests PlaneacionSemanal Management Update Component save Should call create service on save for new entity" name="Component Tests PlaneacionSemanal Management Update Component save Should call create service on save for new entity" time="0.035">
    </testcase>
  </testsuite>
  <testsuite name="Component Tests" errors="0" failures="0" skipped="0" timestamp="2020-03-11T04:39:41" time="1.558" tests="2">
    <testcase classname="Component Tests ReporteAsistencia Management Update Component save Should call update service on save for existing entity" name="Component Tests ReporteAsistencia Management Update Component save Should call update service on save for existing entity" time="0.064">
    </testcase>
    <testcase classname="Component Tests ReporteAsistencia Management Update Component save Should call create service on save for new entity" name="Component Tests ReporteAsistencia Management Update Component save Should call create service on save for new entity" time="0.045">
    </testcase>
  </testsuite>
  <testsuite name="Component Tests" errors="0" failures="0" skipped="0" timestamp="2020-03-11T04:39:42" time="2.569" tests="2">
    <testcase classname="Component Tests IntercambioTurno Management Update Component save Should call update service on save for existing entity" name="Component Tests IntercambioTurno Management Update Component save Should call update service on save for existing entity" time="0.052">
    </testcase>
    <testcase classname="Component Tests IntercambioTurno Management Update Component save Should call create service on save for new entity" name="Component Tests IntercambioTurno Management Update Component save Should call create service on save for new entity" time="0.149">
    </testcase>
  </testsuite>
  <testsuite name="Component Tests" errors="0" failures="2" skipped="0" timestamp="2020-03-11T04:39:44" time="2.843" tests="2">
    <testcase classname="Component Tests Peticion Management Update Component save Should call update service on save for existing entity" name="Component Tests Peticion Management Update Component save Should call update service on save for existing entity" time="0.076">
      <failure>Error: expect(spy).toHaveBeenCalledWith(...expected)

- Expected
+ Received

- Peticion {
-   &quot;autorizadoPor&quot;: undefined,
-   &quot;colaborador&quot;: undefined,
-   &quot;constancia&quot;: undefined,
-   &quot;estado&quot;: undefined,
+ Object {
+   &quot;autorizadoPor&quot;: null,
+   &quot;colaborador&quot;: null,
+   &quot;constancia&quot;: null,
+   &quot;estado&quot;: null,
    &quot;fechaFin&quot;: undefined,
    &quot;fechaInicio&quot;: undefined,
    &quot;fechaPeticion&quot;: undefined,
-   &quot;id&quot;: 123,
-   &quot;motivo&quot;: undefined,
-   &quot;tipo&quot;: undefined,
-   &quot;tipoPermiso&quot;: undefined,
+   &quot;id&quot;: null,
+   &quot;motivo&quot;: null,
+   &quot;tipo&quot;: null,
+   &quot;tipoPermiso&quot;: null,
  },

Number of calls: 1
    at testing_1.fakeAsync (C:\Users\PERSONAL\Documents\PROYECTOS\Pasantia\Prueba7\src\test\javascript\spec\app\entities\peticion\peticion-update.component.spec.ts:42:32)
    at C:\Users\PERSONAL\Documents\PROYECTOS\Pasantia\Prueba7\node_modules\zone.js\dist\fake-async-test.js:793:22
    at ZoneDelegate.invoke (C:\Users\PERSONAL\Documents\PROYECTOS\Pasantia\Prueba7\node_modules\zone.js\dist\zone.js:464:160)
    at ProxyZoneSpec.onInvoke (C:\Users\PERSONAL\Documents\PROYECTOS\Pasantia\Prueba7\node_modules\zone.js\dist\proxy.js:148:35)
    at ZoneDelegate.invoke (C:\Users\PERSONAL\Documents\PROYECTOS\Pasantia\Prueba7\node_modules\zone.js\dist\zone.js:464:48)
    at Zone.run (C:\Users\PERSONAL\Documents\PROYECTOS\Pasantia\Prueba7\node_modules\zone.js\dist\zone.js:190:37)
    at Object.testBody.length (C:\Users\PERSONAL\Documents\PROYECTOS\Pasantia\Prueba7\node_modules\jest-preset-angular\zone-patch\index.js:51:54)
    at Object.asyncJestTest (C:\Users\PERSONAL\Documents\PROYECTOS\Pasantia\Prueba7\node_modules\jest-jasmine2\build\jasmineAsyncInstall.js:102:37)
    at resolve (C:\Users\PERSONAL\Documents\PROYECTOS\Pasantia\Prueba7\node_modules\jest-jasmine2\build\queueRunner.js:43:12)
    at new Promise (&lt;anonymous&gt;)
    at mapper (C:\Users\PERSONAL\Documents\PROYECTOS\Pasantia\Prueba7\node_modules\jest-jasmine2\build\queueRunner.js:26:19)
[...]
    </testcase>
  </testsuite>
  <testsuite name="Component Tests" errors="0" failures="0" skipped="0" timestamp="2020-03-11T04:41:25" time="1.598" tests="1">
    <testcase classname="Component Tests IntercambioTurno Management Delete Component confirmDelete Should call delete service on confirmDelete" name="Component Tests IntercambioTurno Management Delete Component confirmDelete Should call delete service on confirmDelete" time="0.062">
    </testcase>
  </testsuite>
  <testsuite name="Component Tests" errors="0" failures="0" skipped="0" timestamp="2020-03-11T04:41:26" time="1.628" tests="1">
    <testcase classname="Component Tests AsignacionTurno Management Delete Component confirmDelete Should call delete service on confirmDelete" name="Component Tests AsignacionTurno Management Delete Component confirmDelete Should call delete service on confirmDelete" time="0.052">
    </testcase>
  </testsuite>
  <testsuite name="Component Tests" errors="0" failures="0" skipped="0" timestamp="2020-03-11T04:41:28" time="2.084" tests="1">
    <testcase classname="Component Tests DevengoNomina Management Delete Component confirmDelete Should call delete service on confirmDelete" name="Component Tests DevengoNomina Management Delete Component confirmDelete Should call delete service on confirmDelete" time="0.045">
    </testcase>
  </testsuite>
  <testsuite name="Component Tests" errors="0" failures="0" skipped="0" timestamp="2020-03-11T04:41:30" time="2.408" tests="1">
    <testcase classname="Component Tests Antecedentes Management Delete Component confirmDelete Should call delete service on confirmDelete" name="Component Tests Antecedentes Management Delete Component confirmDelete Should call delete service on confirmDelete" time="0.041">
    </testcase>
  </testsuite>
  <testsuite name="Component Tests" errors="0" failures="0" skipped="0" timestamp="2020-03-11T04:41:33" time="1.578" tests="1">
    <testcase classname="Component Tests ReporteAsistenciaHorasExtras Management Component Should call load all on init" name="Component Tests ReporteAsistenciaHorasExtras Management Component Should call load all on init" time="0.063">
    </testcase>
  </testsuite>
  <testsuite name="Component Tests" errors="0" failures="0" skipped="0" timestamp="2020-03-11T04:41:34" time="1.537" tests="1">
    <testcase classname="Component Tests User Management Detail Component OnInit Should call load all on init" name="Component Tests User Management Detail Component OnInit Should call load all on init" time="0.045">
    </testcase>
  </testsuite>
  <testsuite name="Component Tests" errors="0" failures="0" skipped="0" timestamp="2020-03-11T04:41:36" time="1.489" tests="1">
    <testcase classname="Component Tests CentroCosto Management Delete Component confirmDelete Should call delete service on confirmDelete" name="Component Tests CentroCosto Management Delete Component confirmDelete Should call delete service on confirmDelete" time="0.057">
    </testcase>
  </testsuite>
  <testsuite name="Component Tests" errors="0" failures="0" skipped="0" timestamp="2020-03-11T04:41:38" time="1.744" tests="1">
    <testcase classname="Component Tests Colaborador Management Delete Component confirmDelete Should call delete service on confirmDelete" name="Component Tests Colaborador Management Delete Component confirmDelete Should call delete service on confirmDelete" time="0.057">
    </testcase>
  </testsuite>
  <testsuite name="Component Tests" errors="0" failures="0" skipped="0" timestamp="2020-03-11T04:41:39" time="1.348" tests="1">
    <testcase classname="Component Tests User Management Delete Component confirmDelete Should call delete service on confirmDelete" name="Component Tests User Management Delete Component confirmDelete Should call delete service on confirmDelete" time="0.044">
    </testcase>
  </testsuite>
  <testsuite name="Service Tests" errors="0" failures="0" skipped="0" timestamp="2020-03-11T04:41:41" time="1.184" tests="3">
    <testcase classname="Service Tests Audits Service Service methods should call correct URL" name="Service Tests Audits Service Service methods should call correct URL" time="0.029">
    </testcase>
    <testcase classname="Service Tests Audits Service Service methods should return Audits" name="Service Tests Audits Service Service methods should return Audits" time="0.018">
    </testcase>
    <testcase classname="Service Tests Audits Service Service methods should propagate not found response" name="Service Tests Audits Service Service methods should propagate not found response" time="0.014">
    </testcase>
  </testsuite>
  <testsuite name="Component Tests" errors="0" failures="0" skipped="0" timestamp="2020-03-11T04:41:42" time="1.88" tests="1">
    <testcase classname="Component Tests Asistencia Management Delete Component confirmDelete Should call delete service on confirmDelete" name="Component Tests Asistencia Management Delete Component confirmDelete Should call delete service on confirmDelete" time="0.063">
    </testcase>
  </testsuite>
  <testsuite name="Component Tests" errors="0" failures="0" skipped="0" timestamp="2020-03-11T04:41:44" time="1.405" tests="1">
    <testcase classname="Component Tests Novedades Management Delete Component confirmDelete Should call delete service on confirmDelete" name="Component Tests Novedades Management Delete Component confirmDelete Should call delete service on confirmDelete" time="0.047">
    </testcase>
  </testsuite>
  <testsuite name="Component Tests" errors="0" failures="0" skipped="0" timestamp="2020-03-11T04:41:46" time="1.722" tests="1">
    <testcase classname="Component Tests Telefono Management Delete Component confirmDelete Should call delete service on confirmDelete" name="Component Tests Telefono Management Delete Component confirmDelete Should call delete service on confirmDelete" time="0.053">
    </testcase>
  </testsuite>
  <testsuite name="Component Tests" errors="0" failures="0" skipped="0" timestamp="2020-03-11T04:41:47" time="1.46" tests="1">
    <testcase classname="Component Tests Peticion Management Delete Component confirmDelete Should call delete service on confirmDelete" name="Component Tests Peticion Management Delete Component confirmDelete Should call delete service on confirmDelete" time="0.051">
    </testcase>
  </testsuite>
  <testsuite name="Component Tests" errors="0" failures="0" skipped="0" timestamp="2020-03-11T04:41:49" time="1.564" tests="1">
    <testcase classname="Component Tests Cargo Management Delete Component confirmDelete Should call delete service on confirmDelete" name="Component Tests Cargo Management Delete Component confirmDelete Should call delete service on confirmDelete" time="0.106">
    </testcase>
  </testsuite>
  <testsuite name="Component Tests" errors="0" failures="0" skipped="0" timestamp="2020-03-11T04:41:50" time="2.167" tests="1">
    <testcase classname="Component Tests Turno Management Delete Component confirmDelete Should call delete service on confirmDelete" name="Component Tests Turno Management Delete Component confirmDelete Should call delete service on confirmDelete" time="0.045">
    </testcase>
  </testsuite>
  <testsuite name="Component Tests" errors="0" failures="0" skipped="0" timestamp="2020-03-11T04:41:53" time="1.831" tests="1">
    <testcase classname="Component Tests AsignacionHorasExtras Management Component Should call load all on init" name="Component Tests AsignacionHorasExtras Management Component Should call load all on init" time="0.064">
    </testcase>
  </testsuite>
  <testsuite name="Component Tests" errors="0" failures="1" skipped="0" timestamp="2020-03-11T04:41:55" time="2.799" tests="1">
    <testcase classname="Component Tests AsistenciaPlaneacion Management Component Should call load all on init" name="Component Tests AsistenciaPlaneacion Management Component Should call load all on init" time="0.083">
      <failure>Error: expect(spy).toHaveBeenCalled()

Expected number of calls: &gt;= 1
Received number of calls:    0
    at it (C:\Users\PERSONAL\Documents\PROYECTOS\Pasantia\Prueba7\src\test\javascript\spec\app\entities\asistencia-planeacion\asistencia-planeacion.component.spec.ts:46:29)
    at ZoneDelegate.invoke (C:\Users\PERSONAL\Documents\PROYECTOS\Pasantia\Prueba7\node_modules\zone.js\dist\zone.js:464:160)
    at ProxyZoneSpec.onInvoke (C:\Users\PERSONAL\Documents\PROYECTOS\Pasantia\Prueba7\node_modules\zone.js\dist\proxy.js:148:35)
    at ZoneDelegate.invoke (C:\Users\PERSONAL\Documents\PROYECTOS\Pasantia\Prueba7\node_modules\zone.js\dist\zone.js:464:48)
    at Zone.run (C:\Users\PERSONAL\Documents\PROYECTOS\Pasantia\Prueba7\node_modules\zone.js\dist\zone.js:190:37)
    at Object.testBody.length (C:\Users\PERSONAL\Documents\PROYECTOS\Pasantia\Prueba7\node_modules\jest-preset-angular\zone-patch\index.js:51:54)
    at Object.asyncJestTest (C:\Users\PERSONAL\Documents\PROYECTOS\Pasantia\Prueba7\node_modules\jest-jasmine2\build\jasmineAsyncInstall.js:102:37)
    at resolve (C:\Users\PERSONAL\Documents\PROYECTOS\Pasantia\Prueba7\node_modules\jest-jasmine2\build\queueRunner.js:43:12)
    at new Promise (&lt;anonymous&gt;)
    at mapper (C:\Users\PERSONAL\Documents\PROYECTOS\Pasantia\Prueba7\node_modules\jest-jasmine2\build\queueRunner.js:26:19)
    at promise.then (C:\Users\PERSONAL\Documents\PROYECTOS\Pasantia\Prueba7\node_modules\jest-jasmine2\build\queueRunner.js:73:41)
    at process._tickCallback (internal/process/next_tick.js:68:7)</failure>
    </testcase>
  </testsuite>
  <testsuite name="Service Tests" errors="0" failures="0" skipped="0" timestamp="2020-03-11T04:56:28" time="2.884" tests="3">
    <testcase classname="Service Tests Logs Service Service methods should call correct URL" name="Service Tests Logs Service Service methods should call correct URL" time="0.074">
    </testcase>
    <testcase classname="Service Tests Logs Service Service methods should return Metrics" name="Service Tests Logs Service Service methods should return Metrics" time="0.033">
    </testcase>
    <testcase classname="Service Tests Logs Service Service methods should return Thread Dump" name="Service Tests Logs Service Service methods should return Thread Dump" time="0.018">
    </testcase>
  </testsuite>
  <testsuite name="Component Tests" errors="0" failures="0" skipped="0" timestamp="2020-03-11T04:56:31" time="2.374" tests="1">
    <testcase classname="Component Tests AsignacionTurno Management Component Should call load all on init" name="Component Tests AsignacionTurno Management Component Should call load all on init" time="0.09">
    </testcase>
  </testsuite>
  <testsuite name="Component Tests" errors="0" failures="0" skipped="0" timestamp="2020-03-11T04:56:34" time="1.652" tests="1">
    <testcase classname="Component Tests DevengoNomina Management Component Should call load all on init" name="Component Tests DevengoNomina Management Component Should call load all on init" time="0.078">
    </testcase>
  </testsuite>
  <testsuite name="Component Tests" errors="0" failures="0" skipped="0" timestamp="2020-03-11T04:56:35" time="2.063" tests="1">
    <testcase classname="Component Tests JhiMetricsMonitoringComponent refresh should call refresh on init" name="Component Tests JhiMetricsMonitoringComponent refresh should call refresh on init" time="0.057">
    </testcase>
  </testsuite>
  <testsuite name="Component Tests" errors="0" failures="0" skipped="0" timestamp="2020-03-11T04:56:38" time="1.84" tests="1">
    <testcase classname="Component Tests ReporteAsistenciaHorasExtras Management Detail Component OnInit Should call load all on init" name="Component Tests ReporteAsistenciaHorasExtras Management Detail Component OnInit Should call load all on init" time="0.064">
    </testcase>
  </testsuite>
  <testsuite name="Component Tests" errors="0" failures="0" skipped="0" timestamp="2020-03-11T04:56:39" time="1.871" tests="1">
    <testcase classname="Component Tests Telefono Management Component Should call load all on init" name="Component Tests Telefono Management Component Should call load all on init" time="0.057">
    </testcase>
  </testsuite>
  <testsuite name="Component Tests" errors="0" failures="0" skipped="0" timestamp="2020-03-11T04:56:41" time="2.443" tests="1">
    <testcase classname="Component Tests PlanificacionAsistencia Management Detail Component OnInit Should call load all on init" name="Component Tests PlanificacionAsistencia Management Detail Component OnInit Should call load all on init" time="0.07">
    </testcase>
  </testsuite>
  <testsuite name="Component Tests" errors="0" failures="0" skipped="0" timestamp="2020-03-11T04:56:44" time="2.512" tests="1">
    <testcase classname="Component Tests AsistenciaHorasExtras Management Detail Component OnInit Should call load all on init" name="Component Tests AsistenciaHorasExtras Management Detail Component OnInit Should call load all on init" time="0.067">
    </testcase>
  </testsuite>
  <testsuite name="Component Tests" errors="0" failures="0" skipped="0" timestamp="2020-03-11T04:56:46" time="2.928" tests="1">
    <testcase classname="Component Tests AsignacionHorasExtras Management Detail Component OnInit Should call load all on init" name="Component Tests AsignacionHorasExtras Management Detail Component OnInit Should call load all on init" time="0.137">
    </testcase>
  </testsuite>
  <testsuite name="Component Tests" errors="0" failures="0" skipped="0" timestamp="2020-03-11T04:56:50" time="3.396" tests="1">
    <testcase classname="Component Tests AsistenciaPlaneacion Management Detail Component OnInit Should call load all on init" name="Component Tests AsistenciaPlaneacion Management Detail Component OnInit Should call load all on init" time="0.078">
    </testcase>
  </testsuite>
  <testsuite name="Component Tests" errors="0" failures="0" skipped="0" timestamp="2020-03-11T04:56:53" time="2.907" tests="1">
    <testcase classname="Component Tests ReporteAsistencia Management Detail Component OnInit Should call load all on init" name="Component Tests ReporteAsistencia Management Detail Component OnInit Should call load all on init" time="0.104">
    </testcase>
  </testsuite>
  <testsuite name="Component Tests" errors="0" failures="0" skipped="0" timestamp="2020-03-11T04:56:56" time="5.79" tests="1">
    <testcase classname="Component Tests PlaneacionSemanal Management Detail Component OnInit Should call load all on init" name="Component Tests PlaneacionSemanal Management Detail Component OnInit Should call load all on init" time="0.074">
    </testcase>
  </testsuite>
  <testsuite name="Component Tests" errors="0" failures="0" skipped="0" timestamp="2020-03-11T04:57:02" time="5.537" tests="1">
    <testcase classname="Component Tests IntercambioTurno Management Detail Component OnInit Should call load all on init" name="Component Tests IntercambioTurno Management Detail Component OnInit Should call load all on init" time="0.095">
    </testcase>
  </testsuite>
  <testsuite name="Component Tests" errors="0" failures="0" skipped="0" timestamp="2020-03-11T04:57:08" time="4.998" tests="1">
    <testcase classname="Component Tests AsignacionTurno Management Detail Component OnInit Should call load all on init" name="Component Tests AsignacionTurno Management Detail Component OnInit Should call load all on init" time="0.122">
    </testcase>
  </testsuite>
  <testsuite name="Component Tests" errors="0" failures="0" skipped="0" timestamp="2020-03-11T04:57:14" time="3.975" tests="1">
    <testcase classname="Component Tests DevengoNomina Management Detail Component OnInit Should call load all on init" name="Component Tests DevengoNomina Management Detail Component OnInit Should call load all on init" time="0.144">
    </testcase>
  </testsuite>
  <testsuite name="Component Tests" errors="0" failures="0" skipped="0" timestamp="2020-03-11T04:57:18" time="5.717" tests="1">
    <testcase classname="Component Tests Antecedentes Management Detail Component OnInit Should call load all on init" name="Component Tests Antecedentes Management Detail Component OnInit Should call load all on init" time="0.082">
    </testcase>
  </testsuite>
  <testsuite name="Component Tests" errors="0" failures="0" skipped="0" timestamp="2020-03-11T04:57:24" time="4.317" tests="1">
    <testcase classname="Component Tests CentroCosto Management Detail Component OnInit Should call load all on init" name="Component Tests CentroCosto Management Detail Component OnInit Should call load all on init" time="0.092">
    </testcase>
  </testsuite>
  <testsuite name="Component Tests" errors="0" failures="0" skipped="0" timestamp="2020-03-11T04:57:29" time="9.693" tests="1">
    <testcase classname="Component Tests Colaborador Management Detail Component OnInit Should call load all on init" name="Component Tests Colaborador Management Detail Component OnInit Should call load all on init" time="0.074">
    </testcase>
  </testsuite>
  <testsuite name="Component Tests" errors="0" failures="0" skipped="0" timestamp="2020-03-11T04:57:39" time="3.425" tests="1">
    <testcase classname="Component Tests Asistencia Management Detail Component OnInit Should call load all on init" name="Component Tests Asistencia Management Detail Component OnInit Should call load all on init" time="0.055">
    </testcase>
  </testsuite>
  <testsuite name="Service Tests" errors="0" failures="0" skipped="0" timestamp="2020-03-11T04:57:42" time="1.968" tests="2">
    <testcase classname="Service Tests Logs Service Service methods should call correct URL" name="Service Tests Logs Service Service methods should call correct URL" time="0.029">
    </testcase>
    <testcase classname="Service Tests Logs Service Service methods should change log level" name="Service Tests Logs Service Service methods should change log level" time="0.022">
    </testcase>
  </testsuite>
  <testsuite name="Component Tests" errors="0" failures="0" skipped="0" timestamp="2020-03-11T04:57:45" time="3.258" tests="1">
    <testcase classname="Component Tests Novedades Management Detail Component OnInit Should call load all on init" name="Component Tests Novedades Management Detail Component OnInit Should call load all on init" time="0.041">
    </testcase>
  </testsuite>
  <testsuite name="Component Tests" errors="0" failures="0" skipped="0" timestamp="2020-03-11T04:57:48" time="2.117" tests="1">
    <testcase classname="Component Tests Telefono Management Detail Component OnInit Should call load all on init" name="Component Tests Telefono Management Detail Component OnInit Should call load all on init" time="0.089">
    </testcase>
  </testsuite>
  <testsuite name="Component Tests" errors="0" failures="0" skipped="0" timestamp="2020-03-11T04:57:51" time="3.308" tests="1">
    <testcase classname="Component Tests Peticion Management Detail Component OnInit Should call load all on init" name="Component Tests Peticion Management Detail Component OnInit Should call load all on init" time="0.663">
    </testcase>
  </testsuite>
  <testsuite name="Component Tests" errors="0" failures="0" skipped="0" timestamp="2020-03-11T04:57:55" time="3.617" tests="1">
    <testcase classname="Component Tests Turno Management Detail Component OnInit Should call load all on init" name="Component Tests Turno Management Detail Component OnInit Should call load all on init" time="0.079">
    </testcase>
  </testsuite>
  <testsuite name="Component Tests" errors="0" failures="0" skipped="0" timestamp="2020-03-11T04:57:59" time="2.337" tests="1">
    <testcase classname="Component Tests Cargo Management Detail Component OnInit Should call load all on init" name="Component Tests Cargo Management Detail Component OnInit Should call load all on init" time="0.068">
    </testcase>
  </testsuite>
</testsuites>